<?xml version="1.0" encoding="UTF-8"?>
<!-- Generated by org.testng.reporters.JUnitReportReporter -->
<testsuite hostname="Edward" failures="0" tests="5" name="com.inetbanking.testcases.TC_LoginTest_DDT_002" time="28.439" errors="0" timestamp="30 Jun 2019 21:31:53 GMT" skipped="0">
  <testcase classname="com.inetbanking.testcases.TC_LoginTest_DDT_002" name="loginDDT" time="5.535"/>
  <testcase classname="com.inetbanking.testcases.TC_LoginTest_DDT_002" name="loginDDT" time="5.647"/>
  <testcase classname="com.inetbanking.testcases.TC_LoginTest_DDT_002" name="loginDDT" time="5.701"/>
  <testcase classname="com.inetbanking.testcases.TC_LoginTest_DDT_002" name="loginDDT" time="5.858"/>
  <testcase classname="com.inetbanking.testcases.TC_LoginTest_DDT_002" name="loginDDT" time="5.698"/>
</testsuite> <!-- com.inetbanking.testcases.TC_LoginTest_DDT_002 -->
