<?xml version="1.0" encoding="UTF-8"?>
<!-- Generated by org.testng.reporters.JUnitReportReporter -->
<testsuite hostname="Edward" failures="0" tests="1" name="com.inetbanking.testcases.TC_AddCustomerTest_003" time="28.894" errors="0" timestamp="03 Jul 2019 15:32:32 GMT" skipped="0">
  <testcase classname="com.inetbanking.testcases.TC_AddCustomerTest_003" name="addNewCustomer" time="28.894"/>
</testsuite> <!-- com.inetbanking.testcases.TC_AddCustomerTest_003 -->
